Change component parameters: Designator = "C1" ("C1"); Footprint = "0603_C"; UniqueID = "\LAIZPPWI" ("\LAIZPPWI")
Change component parameters (AddParameter): Name = "ComponentLink1Description"; Value = "供应商链接"; VariantName = "[No Variations]"
Change component parameters (AddParameter): Name = "ComponentLink1URL"; Value = "http://www.szlcsc.com/product/details_15331.html"; VariantName = "[No Variations]"
Change component parameters (AddParameter): Name = "Notepad"; Value = ""; VariantName = "[No Variations]"
Change component parameters (AddParameter): Name = "Package"; Value = "0603"; VariantName = "[No Variations]"
Change component parameters (AddParameter): Name = "Supplier"; Value = "LC"; VariantName = "[No Variations]"
Change component parameters (AddParameter): Name = "SuppliersPartNumber"; Value = "C14663"; VariantName = "[No Variations]"
Change component parameters: Designator = "C2" ("C2"); Footprint = "0603_C"; UniqueID = "\YTUOWSRD" ("\YTUOWSRD")
Change component parameters (AddParameter): Name = "ComponentLink1Description"; Value = "供应商链接"; VariantName = "[No Variations]"
Change component parameters (AddParameter): Name = "ComponentLink1URL"; Value = "http://www.szlcsc.com/product/details_15331.html"; VariantName = "[No Variations]"
Change component parameters (AddParameter): Name = "Notepad"; Value = ""; VariantName = "[No Variations]"
Change component parameters (AddParameter): Name = "Package"; Value = "0603"; VariantName = "[No Variations]"
Change component parameters (AddParameter): Name = "Supplier"; Value = "LC"; VariantName = "[No Variations]"
Change component parameters (AddParameter): Name = "SuppliersPartNumber"; Value = "C14663"; VariantName = "[No Variations]"
Change component parameters: Designator = "C3" ("C3"); Footprint = "0603_C"; UniqueID = "\HUYSNCNM" ("\HUYSNCNM")
Change component parameters (AddParameter): Name = "ComponentLink1Description"; Value = "供应商链接"; VariantName = "[No Variations]"
Change component parameters (AddParameter): Name = "ComponentLink1URL"; Value = "http://www.szlcsc.com/product/details_20411.html"; VariantName = "[No Variations]"
Change component parameters (AddParameter): Name = "Notepad"; Value = ""; VariantName = "[No Variations]"
Change component parameters (AddParameter): Name = "Package"; Value = "0603"; VariantName = "[No Variations]"
Change component parameters (AddParameter): Name = "Supplier"; Value = "LC"; VariantName = "[No Variations]"
Change component parameters (AddParameter): Name = "SuppliersPartNumber"; Value = "C19702"; VariantName = "[No Variations]"
Change component parameters: Designator = "C11" ("C11"); Footprint = "0603_C"; UniqueID = "\VQSMZYPW" ("\VQSMZYPW")
Change component parameters (AddParameter): Name = "ComponentLink1Description"; Value = "供应商链接"; VariantName = "[No Variations]"
Change component parameters (AddParameter): Name = "ComponentLink1URL"; Value = "http://www.szlcsc.com/product/details_15331.html"; VariantName = "[No Variations]"
Change component parameters (AddParameter): Name = "Notepad"; Value = ""; VariantName = "[No Variations]"
Change component parameters (AddParameter): Name = "Package"; Value = "0603"; VariantName = "[No Variations]"
Change component parameters (AddParameter): Name = "Supplier"; Value = "LC"; VariantName = "[No Variations]"
Change component parameters (AddParameter): Name = "SuppliersPartNumber"; Value = "C14663"; VariantName = "[No Variations]"
Change component parameters: Designator = "C12" ("C12"); Footprint = "0603_C"; UniqueID = "\RQCHKQTZ" ("\RQCHKQTZ")
Change component parameters (AddParameter): Name = "ComponentLink1Description"; Value = "供应商链接"; VariantName = "[No Variations]"
Change component parameters (AddParameter): Name = "ComponentLink1URL"; Value = "http://www.szlcsc.com/product/details_15331.html"; VariantName = "[No Variations]"
Change component parameters (AddParameter): Name = "Notepad"; Value = ""; VariantName = "[No Variations]"
Change component parameters (AddParameter): Name = "Package"; Value = "0603"; VariantName = "[No Variations]"
Change component parameters (AddParameter): Name = "Supplier"; Value = "LC"; VariantName = "[No Variations]"
Change component parameters (AddParameter): Name = "SuppliersPartNumber"; Value = "C14663"; VariantName = "[No Variations]"
Change component parameters: Designator = "C13" ("C13"); Footprint = "0603_C"; UniqueID = "\LPBQHIIX" ("\LPBQHIIX")
Change component parameters (AddParameter): Name = "ComponentLink1Description"; Value = "供应商链接"; VariantName = "[No Variations]"
Change component parameters (AddParameter): Name = "ComponentLink1URL"; Value = "http://www.szlcsc.com/product/details_15331.html"; VariantName = "[No Variations]"
Change component parameters (AddParameter): Name = "Notepad"; Value = ""; VariantName = "[No Variations]"
Change component parameters (AddParameter): Name = "Package"; Value = "0603"; VariantName = "[No Variations]"
Change component parameters (AddParameter): Name = "Supplier"; Value = "LC"; VariantName = "[No Variations]"
Change component parameters (AddParameter): Name = "SuppliersPartNumber"; Value = "C14663"; VariantName = "[No Variations]"
Change component parameters: Designator = "C14" ("C14"); Footprint = "0603_C"; UniqueID = "\JFRDEMBG" ("\JFRDEMBG")
Change component parameters (AddParameter): Name = "ComponentLink1Description"; Value = "供应商链接"; VariantName = "[No Variations]"
Change component parameters (AddParameter): Name = "ComponentLink1URL"; Value = "http://www.szlcsc.com/product/details_15331.html"; VariantName = "[No Variations]"
Change component parameters (AddParameter): Name = "Notepad"; Value = ""; VariantName = "[No Variations]"
Change component parameters (AddParameter): Name = "Package"; Value = "0603"; VariantName = "[No Variations]"
Change component parameters (AddParameter): Name = "Supplier"; Value = "LC"; VariantName = "[No Variations]"
Change component parameters (AddParameter): Name = "SuppliersPartNumber"; Value = "C14663"; VariantName = "[No Variations]"
Change component parameters: Designator = "C15" ("C15"); Footprint = "0603_C"; UniqueID = "\YQXBHBOI" ("\YQXBHBOI")
Change component parameters (AddParameter): Name = "ComponentLink1Description"; Value = "供应商链接"; VariantName = "[No Variations]"
Change component parameters (AddParameter): Name = "ComponentLink1URL"; Value = "http://www.szlcsc.com/product/details_15331.html"; VariantName = "[No Variations]"
Change component parameters (AddParameter): Name = "Notepad"; Value = ""; VariantName = "[No Variations]"
Change component parameters (AddParameter): Name = "Package"; Value = "0603"; VariantName = "[No Variations]"
Change component parameters (AddParameter): Name = "Supplier"; Value = "LC"; VariantName = "[No Variations]"
Change component parameters (AddParameter): Name = "SuppliersPartNumber"; Value = "C14663"; VariantName = "[No Variations]"
Change component parameters: Designator = "C16" ("C16"); Footprint = "0603_C"; UniqueID = "\DCLLPWEX" ("\DCLLPWEX")
Change component parameters (AddParameter): Name = "ComponentLink1Description"; Value = "供应商链接"; VariantName = "[No Variations]"
Change component parameters (AddParameter): Name = "ComponentLink1URL"; Value = "http://www.szlcsc.com/product/details_15331.html"; VariantName = "[No Variations]"
Change component parameters (AddParameter): Name = "Notepad"; Value = ""; VariantName = "[No Variations]"
Change component parameters (AddParameter): Name = "Package"; Value = "0603"; VariantName = "[No Variations]"
Change component parameters (AddParameter): Name = "Supplier"; Value = "LC"; VariantName = "[No Variations]"
Change component parameters (AddParameter): Name = "SuppliersPartNumber"; Value = "C14663"; VariantName = "[No Variations]"
Change component parameters: Designator = "C17" ("C17"); Footprint = "0603_C"; UniqueID = "\SVGHPQJM" ("\SVGHPQJM")
Change component parameters (AddParameter): Name = "ComponentLink1Description"; Value = "供应商链接"; VariantName = "[No Variations]"
Change component parameters (AddParameter): Name = "ComponentLink1URL"; Value = "http://www.szlcsc.com/product/details_15331.html"; VariantName = "[No Variations]"
Change component parameters (AddParameter): Name = "Notepad"; Value = ""; VariantName = "[No Variations]"
Change component parameters (AddParameter): Name = "Package"; Value = "0603"; VariantName = "[No Variations]"
Change component parameters (AddParameter): Name = "Supplier"; Value = "LC"; VariantName = "[No Variations]"
Change component parameters (AddParameter): Name = "SuppliersPartNumber"; Value = "C14663"; VariantName = "[No Variations]"
Change component parameters: Designator = "C18" ("C18"); Footprint = "0603_C"; UniqueID = "\HLGQJYPV" ("\HLGQJYPV")
Change component parameters (AddParameter): Name = "ComponentLink1Description"; Value = "供应商链接"; VariantName = "[No Variations]"
Change component parameters (AddParameter): Name = "ComponentLink1URL"; Value = "http://www.szlcsc.com/product/details_15331.html"; VariantName = "[No Variations]"
Change component parameters (AddParameter): Name = "Notepad"; Value = ""; VariantName = "[No Variations]"
Change component parameters (AddParameter): Name = "Package"; Value = "0603"; VariantName = "[No Variations]"
Change component parameters (AddParameter): Name = "Supplier"; Value = "LC"; VariantName = "[No Variations]"
Change component parameters (AddParameter): Name = "SuppliersPartNumber"; Value = "C14663"; VariantName = "[No Variations]"
Change component parameters: Designator = "C19" ("C19"); Footprint = "0603_C"; UniqueID = "\LTXMPVXZ" ("\LTXMPVXZ")
Change component parameters (AddParameter): Name = "ComponentLink1Description"; Value = "供应商链接"; VariantName = "[No Variations]"
Change component parameters (AddParameter): Name = "ComponentLink1URL"; Value = "http://www.szlcsc.com/product/details_20411.html"; VariantName = "[No Variations]"
Change component parameters (AddParameter): Name = "Notepad"; Value = ""; VariantName = "[No Variations]"
Change component parameters (AddParameter): Name = "Package"; Value = "0603"; VariantName = "[No Variations]"
Change component parameters (AddParameter): Name = "Supplier"; Value = "LC"; VariantName = "[No Variations]"
Change component parameters (AddParameter): Name = "SuppliersPartNumber"; Value = "C19702"; VariantName = "[No Variations]"
Change component parameters: Designator = "C20" ("C20"); Footprint = "0603_C"; UniqueID = "\MBAQANXL" ("\MBAQANXL")
Change component parameters (AddParameter): Name = "ComponentLink1Description"; Value = "供应商链接"; VariantName = "[No Variations]"
Change component parameters (AddParameter): Name = "ComponentLink1URL"; Value = "http://www.szlcsc.com/product/details_20411.html"; VariantName = "[No Variations]"
Change component parameters (AddParameter): Name = "Notepad"; Value = ""; VariantName = "[No Variations]"
Change component parameters (AddParameter): Name = "Package"; Value = "0603"; VariantName = "[No Variations]"
Change component parameters (AddParameter): Name = "Supplier"; Value = "LC"; VariantName = "[No Variations]"
Change component parameters (AddParameter): Name = "SuppliersPartNumber"; Value = "C19702"; VariantName = "[No Variations]"
Change component parameters: Designator = "FPC1" ("FPC1"); Footprint = "FPC-SMD_20P-P0.50_XUNPU_FPC-05F-20PH20"; UniqueID = "\XRRIQPXB" ("\XRRIQPXB")
Change component parameters (AddParameter): Name = "Add into BOM"; Value = "yes"; VariantName = "[No Variations]"
Change component parameters (AddParameter): Name = "Convert to PCB"; Value = "yes"; VariantName = "[No Variations]"
Change component parameters (AddParameter): Name = "Datasheet"; Value = ""; VariantName = "[No Variations]"
Change component parameters (AddParameter): Name = "Device"; Value = "FPC-05F-20PH20"; VariantName = "[No Variations]"
Change component parameters (AddParameter): Name = "JLCPCB Part Class"; Value = "Extended Part"; VariantName = "[No Variations]"
Change component parameters (AddParameter): Name = "LCSC Part Name"; Value = "20P 0.5mm"; VariantName = "[No Variations]"
Change component parameters (AddParameter): Name = "Manufacturer"; Value = "XUNPU(讯普)"; VariantName = "[No Variations]"
Change component parameters (AddParameter): Name = "Manufacturer Part"; Value = "FPC-05F-20PH20"; VariantName = "[No Variations]"
Change component parameters (AddParameter): Name = "Name"; Value = "FPC-05F-20PH20"; VariantName = "[No Variations]"
Change component parameters (AddParameter): Name = "Supplier"; Value = "LCSC"; VariantName = "[No Variations]"
Change component parameters (AddParameter): Name = "Supplier Footprint"; Value = "SMD"; VariantName = "[No Variations]"
Change component parameters (AddParameter): Name = "Supplier Part"; Value = "C2856803"; VariantName = "[No Variations]"
Change component parameters (AddParameter): Name = "Symbol"; Value = "FPC-05F-20PH20"; VariantName = "[No Variations]"
Change component parameters: Designator = "JP1" ("JP1"); Footprint = "HDR-TH_50P-P2.54-V-F-R2-C25-S2.54-1"; UniqueID = "\UATLXWVS" ("\UATLXWVS")
Change component parameters (AddParameter): Name = "Add into BOM"; Value = "yes"; VariantName = "[No Variations]"
Change component parameters (AddParameter): Name = "Contact Material"; Value = "黄铜"; VariantName = "[No Variations]"
Change component parameters (AddParameter): Name = "Contact Plating"; Value = "-"; VariantName = "[No Variations]"
Change component parameters (AddParameter): Name = "Convert to PCB"; Value = "yes"; VariantName = "[No Variations]"
Change component parameters (AddParameter): Name = "Datasheet"; Value = "https://atta.szlcsc.com/upload/public/pdf/source/20181220/C350296_D2530F60C4B7AD26B2D0A354C76F8429.pdf"; VariantName = "[No Variations]"
Change component parameters (AddParameter): Name = "Device"; Value = "2685Y-225CNG1SNA01"; VariantName = "[No Variations]"
Change component parameters (AddParameter): Name = "Holes Structure"; Value = "2x25P"; VariantName = "[No Variations]"
Change component parameters (AddParameter): Name = "Insulation Height"; Value = "-"; VariantName = "[No Variations]"
Change component parameters (AddParameter): Name = "JLCPCB Part Class"; Value = "Extended Part"; VariantName = "[No Variations]"
Change component parameters (AddParameter): Name = "LCSC Part Name"; Value = "2.54mm 2x25P Y型//环保耐高温/镀金"; VariantName = "[No Variations]"
Change component parameters (AddParameter): Name = "Manufacturer"; Value = "华宇创"; VariantName = "[No Variations]"
Change component parameters (AddParameter): Name = "Manufacturer Part"; Value = "2685Y-225CNG1SNA01"; VariantName = "[No Variations]"
Change component parameters (AddParameter): Name = "Mounting Type"; Value = "直插"; VariantName = "[No Variations]"
Change component parameters (AddParameter): Name = "Name"; Value = "2685Y-225CNG1SNA01"; VariantName = "[No Variations]"
Change component parameters (AddParameter): Name = "Number of Holes"; Value = "50P"; VariantName = "[No Variations]"
Change component parameters (AddParameter): Name = "Number of Rows"; Value = "双排"; VariantName = "[No Variations]"
Change component parameters (AddParameter): Name = "Pitch"; Value = "2.54mm"; VariantName = "[No Variations]"
Change component parameters (AddParameter): Name = "Row Spacing"; Value = "2.54mm"; VariantName = "[No Variations]"
Change component parameters (AddParameter): Name = "Supplier"; Value = "LCSC"; VariantName = "[No Variations]"
Change component parameters (AddParameter): Name = "Supplier Footprint"; Value = "插件,P=2.54mm"; VariantName = "[No Variations]"
Change component parameters (AddParameter): Name = "Supplier Part"; Value = "C350296"; VariantName = "[No Variations]"
Change component parameters (AddParameter): Name = "Symbol"; Value = "2685Y-225CNG1SNA01"; VariantName = "[No Variations]"
Change component parameters: Designator = "JP2" ("JP2"); Footprint = "HDR-TH_50P-P2.54-V-F-R2-C25-S2.54-1"; UniqueID = "\OSZXTZSV" ("\OSZXTZSV")
Change component parameters (AddParameter): Name = "Add into BOM"; Value = "yes"; VariantName = "[No Variations]"
Change component parameters (AddParameter): Name = "Contact Material"; Value = "黄铜"; VariantName = "[No Variations]"
Change component parameters (AddParameter): Name = "Contact Plating"; Value = "-"; VariantName = "[No Variations]"
Change component parameters (AddParameter): Name = "Convert to PCB"; Value = "yes"; VariantName = "[No Variations]"
Change component parameters (AddParameter): Name = "Datasheet"; Value = "https://atta.szlcsc.com/upload/public/pdf/source/20181220/C350296_D2530F60C4B7AD26B2D0A354C76F8429.pdf"; VariantName = "[No Variations]"
Change component parameters (AddParameter): Name = "Device"; Value = "2685Y-225CNG1SNA01"; VariantName = "[No Variations]"
Change component parameters (AddParameter): Name = "Holes Structure"; Value = "2x25P"; VariantName = "[No Variations]"
Change component parameters (AddParameter): Name = "Insulation Height"; Value = "-"; VariantName = "[No Variations]"
Change component parameters (AddParameter): Name = "JLCPCB Part Class"; Value = "Extended Part"; VariantName = "[No Variations]"
Change component parameters (AddParameter): Name = "LCSC Part Name"; Value = "2.54mm 2x25P Y型//环保耐高温/镀金"; VariantName = "[No Variations]"
Change component parameters (AddParameter): Name = "Manufacturer"; Value = "华宇创"; VariantName = "[No Variations]"
Change component parameters (AddParameter): Name = "Manufacturer Part"; Value = "2685Y-225CNG1SNA01"; VariantName = "[No Variations]"
Change component parameters (AddParameter): Name = "Mounting Type"; Value = "直插"; VariantName = "[No Variations]"
Change component parameters (AddParameter): Name = "Name"; Value = "2685Y-225CNG1SNA01"; VariantName = "[No Variations]"
Change component parameters (AddParameter): Name = "Number of Holes"; Value = "50P"; VariantName = "[No Variations]"
Change component parameters (AddParameter): Name = "Number of Rows"; Value = "双排"; VariantName = "[No Variations]"
Change component parameters (AddParameter): Name = "Pitch"; Value = "2.54mm"; VariantName = "[No Variations]"
Change component parameters (AddParameter): Name = "Row Spacing"; Value = "2.54mm"; VariantName = "[No Variations]"
Change component parameters (AddParameter): Name = "Supplier"; Value = "LCSC"; VariantName = "[No Variations]"
Change component parameters (AddParameter): Name = "Supplier Footprint"; Value = "插件,P=2.54mm"; VariantName = "[No Variations]"
Change component parameters (AddParameter): Name = "Supplier Part"; Value = "C350296"; VariantName = "[No Variations]"
Change component parameters (AddParameter): Name = "Symbol"; Value = "2685Y-225CNG1SNA01"; VariantName = "[No Variations]"
Change component parameters: Designator = "JP3" ("JP3"); Footprint = "KF350-2P"; UniqueID = "\MEKWPETW" ("\MEKWPETW")
Change component parameters (AddParameter): Name = "BOM名称"; Value = "2P接插件"; VariantName = "[No Variations]"
Change component parameters (AddParameter): Name = "学习资源"; Value = "www.ooocke.com"; VariantName = "[No Variations]"
Change component parameters (AddParameter): Name = "版权归属"; Value = "源创客"; VariantName = "[No Variations]"
Change component parameters: Designator = "JP4" ("JP4"); Footprint = "CONN-TH_5P-P3.50_KF2EDGR-3.5-5P"; UniqueID = "\CCMNJBKO" ("\CCMNJBKO")
Change component parameters (AddParameter): Name = "Add into BOM"; Value = "yes"; VariantName = "[No Variations]"
Change component parameters (AddParameter): Name = "Color"; Value = "绿色"; VariantName = "[No Variations]"
Change component parameters (AddParameter): Name = "Connector Type"; Value = "板端/插座-闭口"; VariantName = "[No Variations]"
Change component parameters (AddParameter): Name = "Convert to PCB"; Value = "yes"; VariantName = "[No Variations]"
Change component parameters (AddParameter): Name = "Current Rating (Max)"; Value = "8A"; VariantName = "[No Variations]"
Change component parameters (AddParameter): Name = "Datasheet"; Value = "https://atta.szlcsc.com/upload/public/pdf/source/20191023/C441174_3952556C0659C22A17E7C4561A2B2291.pdf"; VariantName = "[No Variations]"
Change component parameters (AddParameter): Name = "Device"; Value = "KF2EDGR-3.5-5P"; VariantName = "[No Variations]"
Change component parameters (AddParameter): Name = "JLCPCB Part Class"; Value = "Extended Part"; VariantName = "[No Variations]"
Change component parameters (AddParameter): Name = "LCSC Part Name"; Value = "板端/插座-闭口 3.5mm 排数:1 每排P数:5 弯针"; VariantName = "[No Variations]"
Change component parameters (AddParameter): Name = "Manufacturer"; Value = "KEFA(科发)"; VariantName = "[No Variations]"
Change component parameters (AddParameter): Name = "Manufacturer Part"; Value = "KF2EDGR-3.5-5P"; VariantName = "[No Variations]"
Change component parameters (AddParameter): Name = "Mounting Style"; Value = "弯针"; VariantName = "[No Variations]"
Change component parameters (AddParameter): Name = "Name"; Value = "KF2EDGR-3.5-5P"; VariantName = "[No Variations]"
Change component parameters (AddParameter): Name = "Number of PINs Per Row"; Value = "5"; VariantName = "[No Variations]"
Change component parameters (AddParameter): Name = "Number of Rows"; Value = "1"; VariantName = "[No Variations]"
Change component parameters (AddParameter): Name = "Operating Temperature Range"; Value = "-40℃~+105℃"; VariantName = "[No Variations]"
Change component parameters (AddParameter): Name = "Pitch"; Value = "3.5mm"; VariantName = "[No Variations]"
Change component parameters (AddParameter): Name = "Supplier"; Value = "LCSC"; VariantName = "[No Variations]"
Change component parameters (AddParameter): Name = "Supplier Footprint"; Value = "P=3.5mm"; VariantName = "[No Variations]"
Change component parameters (AddParameter): Name = "Supplier Part"; Value = "C441174"; VariantName = "[No Variations]"
Change component parameters (AddParameter): Name = "Symbol"; Value = "KF2EDGR-3.5-5P"; VariantName = "[No Variations]"
Change component parameters (AddParameter): Name = "Voltage Rating (Max)"; Value = "300V"; VariantName = "[No Variations]"
Change component parameters (AddParameter): Name = "Wire Gauge - AWG"; Value = "-"; VariantName = "[No Variations]"
Change component parameters (AddParameter): Name = "Wire Gauge - mm?"; Value = "-"; VariantName = "[No Variations]"
Change component parameters: Designator = "JP5" ("JP5"); Footprint = "HDR-TH_22P-P2.54-V-M-R2-C11-S2.54"; UniqueID = "\PYXHXMDB" ("\PYXHXMDB")
Change component parameters (AddParameter): Name = "Add into BOM"; Value = "yes"; VariantName = "[No Variations]"
Change component parameters (AddParameter): Name = "Circluar Pins/Square Pins"; Value = "方针"; VariantName = "[No Variations]"
Change component parameters (AddParameter): Name = "Color"; Value = "黑色"; VariantName = "[No Variations]"
Change component parameters (AddParameter): Name = "Contact Material"; Value = "黄铜"; VariantName = "[No Variations]"
Change component parameters (AddParameter): Name = "Contact Plating"; Value = "-"; VariantName = "[No Variations]"
Change component parameters (AddParameter): Name = "Convert to PCB"; Value = "yes"; VariantName = "[No Variations]"
Change component parameters (AddParameter): Name = "Current Rating (Max)"; Value = "-"; VariantName = "[No Variations]"
Change component parameters (AddParameter): Name = "Datasheet"; Value = ""; VariantName = "[No Variations]"
Change component parameters (AddParameter): Name = "Device"; Value = "PZ254V-12-22P"; VariantName = "[No Variations]"
Change component parameters (AddParameter): Name = "Insulation Height"; Value = "2.5mm"; VariantName = "[No Variations]"
Change component parameters (AddParameter): Name = "JLCPCB Part Class"; Value = "Extended Part"; VariantName = "[No Variations]"
Change component parameters (AddParameter): Name = "LCSC Part Name"; Value = "2.54mm 2x11P 直插 方针"; VariantName = "[No Variations]"
Change component parameters (AddParameter): Name = "Length of End Connection Pin"; Value = "3mm"; VariantName = "[No Variations]"
Change component parameters (AddParameter): Name = "Length of Mating Pin"; Value = "6mm"; VariantName = "[No Variations]"
Change component parameters (AddParameter): Name = "Manufacturer"; Value = "XFCN(兴飞)"; VariantName = "[No Variations]"
Change component parameters (AddParameter): Name = "Manufacturer Part"; Value = "PZ254V-12-22P"; VariantName = "[No Variations]"
Change component parameters (AddParameter): Name = "Mounting Type"; Value = "直插"; VariantName = "[No Variations]"
Change component parameters (AddParameter): Name = "Name"; Value = "PZ254V-12-22P"; VariantName = "[No Variations]"
Change component parameters (AddParameter): Name = "Number of Pins"; Value = "22"; VariantName = "[No Variations]"
Change component parameters (AddParameter): Name = "Number of Rows"; Value = "双排"; VariantName = "[No Variations]"
Change component parameters (AddParameter): Name = "Operating Temperature Range"; Value = "-40℃~+105℃"; VariantName = "[No Variations]"
Change component parameters (AddParameter): Name = "Pin Structure"; Value = "2x11P"; VariantName = "[No Variations]"
Change component parameters (AddParameter): Name = "Pitch"; Value = "2.54mm"; VariantName = "[No Variations]"
Change component parameters (AddParameter): Name = "Row Spacing"; Value = "2.54mm"; VariantName = "[No Variations]"
Change component parameters (AddParameter): Name = "Supplier"; Value = "LCSC"; VariantName = "[No Variations]"
Change component parameters (AddParameter): Name = "Supplier Footprint"; Value = "直插,P=2.54mm"; VariantName = "[No Variations]"
Change component parameters (AddParameter): Name = "Supplier Part"; Value = "C492428"; VariantName = "[No Variations]"
Change component parameters (AddParameter): Name = "Symbol"; Value = "PZ254V-12-22P"; VariantName = "[No Variations]"
Change component parameters (AddParameter): Name = "Voltage Rating (Max)"; Value = "-"; VariantName = "[No Variations]"
Change component parameters: Designator = "R1" ("R1"); Footprint = "0603_R"; UniqueID = "\CAHUGRNY" ("\CAHUGRNY")
Change component parameters (AddParameter): Name = "ComponentLink1Description"; Value = "供应商链接"; VariantName = "[No Variations]"
Change component parameters (AddParameter): Name = "ComponentLink1URL"; Value = "http://www.szlcsc.com/product/details_23906.html"; VariantName = "[No Variations]"
Change component parameters (AddParameter): Name = "Notepad"; Value = ""; VariantName = "[No Variations]"
Change component parameters (AddParameter): Name = "Package"; Value = "0603"; VariantName = "[No Variations]"
Change component parameters (AddParameter): Name = "Supplier"; Value = "LC"; VariantName = "[No Variations]"
Change component parameters (AddParameter): Name = "SuppliersPartNumber"; Value = "C23179"; VariantName = "[No Variations]"
Change component parameters: Designator = "R2" ("R2"); Footprint = "0603_R"; UniqueID = "\NAGFHECN" ("\NAGFHECN")
Change component parameters (AddParameter): Name = "ComponentLink1Description"; Value = "供应商链接"; VariantName = "[No Variations]"
Change component parameters (AddParameter): Name = "ComponentLink1URL"; Value = "http://www.szlcsc.com/product/details_23906.html"; VariantName = "[No Variations]"
Change component parameters (AddParameter): Name = "Notepad"; Value = ""; VariantName = "[No Variations]"
Change component parameters (AddParameter): Name = "Package"; Value = "0603"; VariantName = "[No Variations]"
Change component parameters (AddParameter): Name = "Supplier"; Value = "LC"; VariantName = "[No Variations]"
Change component parameters (AddParameter): Name = "SuppliersPartNumber"; Value = "C23179"; VariantName = "[No Variations]"
Change component parameters: Designator = "R7" ("R7"); Footprint = "0603_R"; UniqueID = "\VNBFSREA" ("\VNBFSREA")
Change component parameters (AddParameter): Name = "ComponentLink1Description"; Value = "供应商链接"; VariantName = "[No Variations]"
Change component parameters (AddParameter): Name = "ComponentLink1URL"; Value = "http://www.szlcsc.com/product/details_23514.html"; VariantName = "[No Variations]"
Change component parameters (AddParameter): Name = "Notepad"; Value = ""; VariantName = "[No Variations]"
Change component parameters (AddParameter): Name = "Package"; Value = "0603"; VariantName = "[No Variations]"
Change component parameters (AddParameter): Name = "Supplier"; Value = "LC"; VariantName = "[No Variations]"
Change component parameters (AddParameter): Name = "SuppliersPartNumber"; Value = "C22787"; VariantName = "[No Variations]"
Change component parameters: Designator = "R8" ("R8"); Footprint = "0603_R"; UniqueID = "\HPSDDRZT" ("\HPSDDRZT")
Change component parameters (AddParameter): Name = "ComponentLink1Description"; Value = "供应商链接"; VariantName = "[No Variations]"
Change component parameters (AddParameter): Name = "ComponentLink1URL"; Value = "http://www.szlcsc.com/product/details_25937.html"; VariantName = "[No Variations]"
Change component parameters (AddParameter): Name = "Notepad"; Value = ""; VariantName = "[No Variations]"
Change component parameters (AddParameter): Name = "Package"; Value = "0603"; VariantName = "[No Variations]"
Change component parameters (AddParameter): Name = "Supplier"; Value = "LC"; VariantName = "[No Variations]"
Change component parameters (AddParameter): Name = "SuppliersPartNumber"; Value = "C25194"; VariantName = "[No Variations]"
Change component parameters: Designator = "R9" ("R9"); Footprint = "0603_R"; UniqueID = "\QRARCIER" ("\QRARCIER")
Change component parameters (AddParameter): Name = "ComponentLink1Description"; Value = "供应商链接"; VariantName = "[No Variations]"
Change component parameters (AddParameter): Name = "ComponentLink1URL"; Value = "http://www.szlcsc.com/product/details_25937.html"; VariantName = "[No Variations]"
Change component parameters (AddParameter): Name = "Notepad"; Value = ""; VariantName = "[No Variations]"
Change component parameters (AddParameter): Name = "Package"; Value = "0603"; VariantName = "[No Variations]"
Change component parameters (AddParameter): Name = "Supplier"; Value = "LC"; VariantName = "[No Variations]"
Change component parameters (AddParameter): Name = "SuppliersPartNumber"; Value = "C25194"; VariantName = "[No Variations]"
Change component parameters: Designator = "RX" ("RX"); Footprint = "LED0603-RD"; UniqueID = "\RTTRLYYL" ("\RTTRLYYL")
Change component parameters (AddParameter): Name = "Add into BOM"; Value = "yes"; VariantName = "[No Variations]"
Change component parameters (AddParameter): Name = "Convert to PCB"; Value = "yes"; VariantName = "[No Variations]"
Change component parameters (AddParameter): Name = "Datasheet"; Value = "https://atta.szlcsc.com/upload/public/pdf/source/20200820/C84263_DABC6A75E58F576973B407FDBA283D60.pdf"; VariantName = "[No Variations]"
Change component parameters (AddParameter): Name = "Device"; Value = "NCD0603R1_C84263"; VariantName = "[No Variations]"
Change component parameters (AddParameter): Name = "Emitted Color"; Value = "红灯"; VariantName = "[No Variations]"
Change component parameters (AddParameter): Name = "JLCPCB Part Class"; Value = "Extended Part"; VariantName = "[No Variations]"
Change component parameters (AddParameter): Name = "LCSC Part Name"; Value = "红灯"; VariantName = "[No Variations]"
Change component parameters (AddParameter): Name = "Manufacturer"; Value = "国星光电"; VariantName = "[No Variations]"
Change component parameters (AddParameter): Name = "Manufacturer Part"; Value = "NCD0603R1"; VariantName = "[No Variations]"
Change component parameters (AddParameter): Name = "Name"; Value = "NCD0603R1"; VariantName = "[No Variations]"
Change component parameters (AddParameter): Name = "Supplier"; Value = "LCSC"; VariantName = "[No Variations]"
Change component parameters (AddParameter): Name = "Supplier Footprint"; Value = "0603"; VariantName = "[No Variations]"
Change component parameters (AddParameter): Name = "Supplier Part"; Value = "C84263"; VariantName = "[No Variations]"
Change component parameters (AddParameter): Name = "Symbol"; Value = "FC-DA1608HRK-620D"; VariantName = "[No Variations]"
Change component parameters: Designator = "SW1" ("SW1"); Footprint = "SW-SMD_L6.1-W3.7-LS7.9"; UniqueID = "\TLGQEUYA" ("\TLGQEUYA")
Change component parameters (AddParameter): Name = "Actuator Style"; Value = "矩形按钮"; VariantName = "[No Variations]"
Change component parameters (AddParameter): Name = "Add into BOM"; Value = "yes"; VariantName = "[No Variations]"
Change component parameters (AddParameter): Name = "Circuit"; Value = "单刀单掷"; VariantName = "[No Variations]"
Change component parameters (AddParameter): Name = "Contact Current"; Value = "50mA"; VariantName = "[No Variations]"
Change component parameters (AddParameter): Name = "Convert to PCB"; Value = "yes"; VariantName = "[No Variations]"
Change component parameters (AddParameter): Name = "Datasheet"; Value = "https://atta.szlcsc.com/upload/public/pdf/source/20190816/C412368_ED995B38C5F41C525244887EA1991E6A.pdf"; VariantName = "[No Variations]"
Change component parameters (AddParameter): Name = "Device"; Value = "TS3625A-HT"; VariantName = "[No Variations]"
Change component parameters (AddParameter): Name = "JLCPCB Part Class"; Value = "Extended Part"; VariantName = "[No Variations]"
Change component parameters (AddParameter): Name = "LCSC Part Name"; Value = "6.1*3.65*2.5mm 立贴 轻触开关"; VariantName = "[No Variations]"
Change component parameters (AddParameter): Name = "Manufacturer"; Value = "SHOU HAN(首韩)"; VariantName = "[No Variations]"
Change component parameters (AddParameter): Name = "Manufacturer Part"; Value = "TS3625A-HT"; VariantName = "[No Variations]"
Change component parameters (AddParameter): Name = "Mechanical Life"; Value = "-"; VariantName = "[No Variations]"
Change component parameters (AddParameter): Name = "Mounting Style"; Value = "立贴"; VariantName = "[No Variations]"
Change component parameters (AddParameter): Name = "Name"; Value = "TS3625A-HT"; VariantName = "[No Variations]"
Change component parameters (AddParameter): Name = "Operating Force"; Value = "250gf@±30gf"; VariantName = "[No Variations]"
Change component parameters (AddParameter): Name = "Supplier"; Value = "LCSC"; VariantName = "[No Variations]"
Change component parameters (AddParameter): Name = "Supplier Footprint"; Value = "SMD,3.7x6.1mm"; VariantName = "[No Variations]"
Change component parameters (AddParameter): Name = "Supplier Part"; Value = "C412368"; VariantName = "[No Variations]"
Change component parameters (AddParameter): Name = "Switch Height"; Value = "2.5mm"; VariantName = "[No Variations]"
Change component parameters (AddParameter): Name = "Switch Length"; Value = "6.1mm"; VariantName = "[No Variations]"
Change component parameters (AddParameter): Name = "Switch Width"; Value = "3.65mm"; VariantName = "[No Variations]"
Change component parameters (AddParameter): Name = "Symbol"; Value = "TS3625A-HT"; VariantName = "[No Variations]"
Change component parameters (AddParameter): Name = "Voltage Rating (DC)"; Value = "36V"; VariantName = "[No Variations]"
Change component parameters (AddParameter): Name = "With Lamp"; Value = "-"; VariantName = "[No Variations]"
Change component parameters: Designator = "TX" ("TX"); Footprint = "LED0603-RD"; UniqueID = "\JSBHOQQY" ("\JSBHOQQY")
Change component parameters (AddParameter): Name = "Add into BOM"; Value = "yes"; VariantName = "[No Variations]"
Change component parameters (AddParameter): Name = "Convert to PCB"; Value = "yes"; VariantName = "[No Variations]"
Change component parameters (AddParameter): Name = "Datasheet"; Value = "https://atta.szlcsc.com/upload/public/pdf/source/20200820/C84263_DABC6A75E58F576973B407FDBA283D60.pdf"; VariantName = "[No Variations]"
Change component parameters (AddParameter): Name = "Device"; Value = "NCD0603R1_C84263"; VariantName = "[No Variations]"
Change component parameters (AddParameter): Name = "Emitted Color"; Value = "红灯"; VariantName = "[No Variations]"
Change component parameters (AddParameter): Name = "JLCPCB Part Class"; Value = "Extended Part"; VariantName = "[No Variations]"
Change component parameters (AddParameter): Name = "LCSC Part Name"; Value = "红灯"; VariantName = "[No Variations]"
Change component parameters (AddParameter): Name = "Manufacturer"; Value = "国星光电"; VariantName = "[No Variations]"
Change component parameters (AddParameter): Name = "Manufacturer Part"; Value = "NCD0603R1"; VariantName = "[No Variations]"
Change component parameters (AddParameter): Name = "Name"; Value = "NCD0603R1"; VariantName = "[No Variations]"
Change component parameters (AddParameter): Name = "Supplier"; Value = "LCSC"; VariantName = "[No Variations]"
Change component parameters (AddParameter): Name = "Supplier Footprint"; Value = "0603"; VariantName = "[No Variations]"
Change component parameters (AddParameter): Name = "Supplier Part"; Value = "C84263"; VariantName = "[No Variations]"
Change component parameters (AddParameter): Name = "Symbol"; Value = "FC-DA1608HRK-620D"; VariantName = "[No Variations]"
Change component parameters: Designator = "U5" ("U5"); Footprint = "SOT-223"; UniqueID = "\ZUQSCOYD" ("\ZUQSCOYD")
Change component parameters (AddParameter): Name = "ComponentLink1Description"; Value = "供应商链接"; VariantName = "[No Variations]"
Change component parameters (AddParameter): Name = "ComponentLink1URL"; Value = "http://www.szlcsc.com/product/details_6652.html"; VariantName = "[No Variations]"
Change component parameters (AddParameter): Name = "Notepad"; Value = ""; VariantName = "[No Variations]"
Change component parameters (AddParameter): Name = "Package"; Value = "SOT-223"; VariantName = "[No Variations]"
Change component parameters (AddParameter): Name = "Supplier"; Value = "LC"; VariantName = "[No Variations]"
Change component parameters (AddParameter): Name = "SuppliersPartNumber"; Value = "C6186"; VariantName = "[No Variations]"
Change component parameters: Designator = "UART1" ("UART1"); Footprint = "XH2.54-WI-2P"; UniqueID = "\OTLTKAQM" ("\OTLTKAQM")
Change component parameters (AddParameter): Name = "BOM名称"; Value = "2P接插件"; VariantName = "[No Variations]"
Change component parameters (AddParameter): Name = "学习资源"; Value = "www.ooocke.com"; VariantName = "[No Variations]"
Change component parameters (AddParameter): Name = "版权归属"; Value = "源创客"; VariantName = "[No Variations]"
Change component parameters: Designator = "UART2" ("UART2"); Footprint = "XH2.54-WI-2P"; UniqueID = "\NUBGORVO" ("\NUBGORVO")
Change component parameters (AddParameter): Name = "BOM名称"; Value = "2P接插件"; VariantName = "[No Variations]"
Change component parameters (AddParameter): Name = "学习资源"; Value = "www.ooocke.com"; VariantName = "[No Variations]"
Change component parameters (AddParameter): Name = "版权归属"; Value = "源创客"; VariantName = "[No Variations]"
Change component parameters: Designator = "UART3" ("UART3"); Footprint = "XH2.54-WI-2P"; UniqueID = "\QYIAHPPQ" ("\QYIAHPPQ")
Change component parameters (AddParameter): Name = "BOM名称"; Value = "2P接插件"; VariantName = "[No Variations]"
Change component parameters (AddParameter): Name = "学习资源"; Value = "www.ooocke.com"; VariantName = "[No Variations]"
Change component parameters (AddParameter): Name = "版权归属"; Value = "源创客"; VariantName = "[No Variations]"
Change component parameters: Designator = "UART4" ("UART4"); Footprint = "XH2.54-WI-2P"; UniqueID = "\UBEKQYOC" ("\UBEKQYOC")
Change component parameters (AddParameter): Name = "BOM名称"; Value = "2P接插件"; VariantName = "[No Variations]"
Change component parameters (AddParameter): Name = "学习资源"; Value = "www.ooocke.com"; VariantName = "[No Variations]"
Change component parameters (AddParameter): Name = "版权归属"; Value = "源创客"; VariantName = "[No Variations]"
Change component parameters: Designator = "UART5" ("UART5"); Footprint = "XH2.54-WI-2P"; UniqueID = "\ELUPRAIH" ("\ELUPRAIH")
Change component parameters (AddParameter): Name = "BOM名称"; Value = "2P接插件"; VariantName = "[No Variations]"
Change component parameters (AddParameter): Name = "学习资源"; Value = "www.ooocke.com"; VariantName = "[No Variations]"
Change component parameters (AddParameter): Name = "版权归属"; Value = "源创客"; VariantName = "[No Variations]"
Change component parameters: Designator = "USB" ("USB"); Footprint = "MICRO-USB-SMD_MICROXNJ"; UniqueID = "\IWPYMVDZ" ("\IWPYMVDZ")
Change component parameters (AddParameter): Name = "Add into BOM"; Value = "yes"; VariantName = "[No Variations]"
Change component parameters (AddParameter): Name = "Connector Type"; Value = "Micro-B"; VariantName = "[No Variations]"
Change component parameters (AddParameter): Name = "Convert to PCB"; Value = "yes"; VariantName = "[No Variations]"
Change component parameters (AddParameter): Name = "Current Rating - Power (Max)"; Value = "1A"; VariantName = "[No Variations]"
Change component parameters (AddParameter): Name = "Datasheet"; Value = "https://atta.szlcsc.com/upload/public/pdf/source/20220415/2494EDFF499AF6F852F7C820374B6AF3.pdf"; VariantName = "[No Variations]"
Change component parameters (AddParameter): Name = "Device"; Value = "MicroXNJ"; VariantName = "[No Variations]"
Change component parameters (AddParameter): Name = "Gender"; Value = "母座"; VariantName = "[No Variations]"
Change component parameters (AddParameter): Name = "JLCPCB Part Class"; Value = "Extended Part"; VariantName = "[No Variations]"
Change component parameters (AddParameter): Name = "LCSC Part Name"; Value = "Micro-B 母座 卧贴 小牛角有柱 卷边 编带"; VariantName = "[No Variations]"
Change component parameters (AddParameter): Name = "Manufacturer"; Value = "SHOU HAN(首韩)"; VariantName = "[No Variations]"
Change component parameters (AddParameter): Name = "Manufacturer Part"; Value = "MicroXNJ"; VariantName = "[No Variations]"
Change component parameters (AddParameter): Name = "Mounting Style"; Value = "卧贴"; VariantName = "[No Variations]"
Change component parameters (AddParameter): Name = "Name"; Value = "MicroXNJ"; VariantName = "[No Variations]"
Change component parameters (AddParameter): Name = "Number of Contacts"; Value = "5P"; VariantName = "[No Variations]"
Change component parameters (AddParameter): Name = "Number of Ports"; Value = "1"; VariantName = "[No Variations]"
Change component parameters (AddParameter): Name = "Operating Temperature Range"; Value = "-20℃~+85℃"; VariantName = "[No Variations]"
Change component parameters (AddParameter): Name = "Standard"; Value = "USB 2.0"; VariantName = "[No Variations]"
Change component parameters (AddParameter): Name = "Supplier"; Value = "LCSC"; VariantName = "[No Variations]"
Change component parameters (AddParameter): Name = "Supplier Footprint"; Value = "SMD"; VariantName = "[No Variations]"
Change component parameters (AddParameter): Name = "Supplier Part"; Value = "C404969"; VariantName = "[No Variations]"
Change component parameters (AddParameter): Name = "Symbol"; Value = "MICROXNJ"; VariantName = "[No Variations]"
Change component parameters: Designator = "WK_UP" ("WK_UP"); Footprint = "SW-SMD_L6.1-W3.7-LS7.9"; UniqueID = "\FVCRLJLQ" ("\FVCRLJLQ")
Change component parameters (AddParameter): Name = "Actuator Style"; Value = "矩形按钮"; VariantName = "[No Variations]"
Change component parameters (AddParameter): Name = "Add into BOM"; Value = "yes"; VariantName = "[No Variations]"
Change component parameters (AddParameter): Name = "Circuit"; Value = "单刀单掷"; VariantName = "[No Variations]"
Change component parameters (AddParameter): Name = "Contact Current"; Value = "50mA"; VariantName = "[No Variations]"
Change component parameters (AddParameter): Name = "Convert to PCB"; Value = "yes"; VariantName = "[No Variations]"
Change component parameters (AddParameter): Name = "Datasheet"; Value = "https://atta.szlcsc.com/upload/public/pdf/source/20190816/C412368_ED995B38C5F41C525244887EA1991E6A.pdf"; VariantName = "[No Variations]"
Change component parameters (AddParameter): Name = "Device"; Value = "TS3625A-HT"; VariantName = "[No Variations]"
Change component parameters (AddParameter): Name = "JLCPCB Part Class"; Value = "Extended Part"; VariantName = "[No Variations]"
Change component parameters (AddParameter): Name = "LCSC Part Name"; Value = "6.1*3.65*2.5mm 立贴 轻触开关"; VariantName = "[No Variations]"
Change component parameters (AddParameter): Name = "Manufacturer"; Value = "SHOU HAN(首韩)"; VariantName = "[No Variations]"
Change component parameters (AddParameter): Name = "Manufacturer Part"; Value = "TS3625A-HT"; VariantName = "[No Variations]"
Change component parameters (AddParameter): Name = "Mechanical Life"; Value = "-"; VariantName = "[No Variations]"
Change component parameters (AddParameter): Name = "Mounting Style"; Value = "立贴"; VariantName = "[No Variations]"
Change component parameters (AddParameter): Name = "Name"; Value = "TS3625A-HT"; VariantName = "[No Variations]"
Change component parameters (AddParameter): Name = "Operating Force"; Value = "250gf@±30gf"; VariantName = "[No Variations]"
Change component parameters (AddParameter): Name = "Supplier"; Value = "LCSC"; VariantName = "[No Variations]"
Change component parameters (AddParameter): Name = "Supplier Footprint"; Value = "SMD,3.7x6.1mm"; VariantName = "[No Variations]"
Change component parameters (AddParameter): Name = "Supplier Part"; Value = "C412368"; VariantName = "[No Variations]"
Change component parameters (AddParameter): Name = "Switch Height"; Value = "2.5mm"; VariantName = "[No Variations]"
Change component parameters (AddParameter): Name = "Switch Length"; Value = "6.1mm"; VariantName = "[No Variations]"
Change component parameters (AddParameter): Name = "Switch Width"; Value = "3.65mm"; VariantName = "[No Variations]"
Change component parameters (AddParameter): Name = "Symbol"; Value = "TS3625A-HT"; VariantName = "[No Variations]"
Change component parameters (AddParameter): Name = "Voltage Rating (DC)"; Value = "36V"; VariantName = "[No Variations]"
Change component parameters (AddParameter): Name = "With Lamp"; Value = "-"; VariantName = "[No Variations]"
Added Component: Designator=(Sigmalogo100)
Added Member To Class: ClassName=Sheet1 Member=Component  SIGMA
