Removed Pin From Net: NetName=5V_JETSON Pin=C2-1
Removed Pin From Net: NetName=GND Pin=C2-2
Removed Pin From Net: NetName=GND Pin=C3-2
Removed Pin From Net: NetName=GND Pin=C4-1
Removed Pin From Net: NetName=5V_JETSON Pin=C4-2
Removed Pin From Net: NetName=GND Pin=C5-1
Removed Pin From Net: NetName=5V Pin=C7-1
Removed Pin From Net: NetName=GND Pin=C7-2
Removed Pin From Net: NetName=GND Pin=C8-2
Removed Pin From Net: NetName=GND Pin=C9-1
Removed Pin From Net: NetName=5V Pin=C9-2
Removed Pin From Net: NetName=GND Pin=C10-1
Removed Pin From Net: NetName=5V_JETSON Pin=C16-1
Removed Pin From Net: NetName=GND Pin=D1-1
Removed Pin From Net: NetName=GND Pin=D2-1
Removed Pin From Net: NetName=PA6 Pin=JP17-1
Removed Pin From Net: NetName=5V_JETSON Pin=JP17-2
Removed Pin From Net: NetName=PA5 Pin=JP17-3
Removed Pin From Net: NetName=PA7 Pin=JP17-4
Removed Pin From Net: NetName=GND Pin=JP17-5
Removed Pin From Net: NetName=PC5 Pin=JP17-6
Removed Pin From Net: NetName=PB14 Pin=JP18-1
Removed Pin From Net: NetName=5V_JETSON Pin=JP18-2
Removed Pin From Net: NetName=PB13 Pin=JP18-3
Removed Pin From Net: NetName=PB15 Pin=JP18-4
Removed Pin From Net: NetName=GND Pin=JP18-5
Removed Pin From Net: NetName=PD9 Pin=JP18-6
Removed Pin From Net: NetName=PB4 Pin=JP19-1
Removed Pin From Net: NetName=5V Pin=JP19-2
Removed Pin From Net: NetName=PB3 Pin=JP19-3
Removed Pin From Net: NetName=PB5 Pin=JP19-4
Removed Pin From Net: NetName=GND Pin=JP19-5
Removed Pin From Net: NetName=PB7 Pin=JP19-6
Removed Pin From Net: NetName=PE4 Pin=JP20-1
Removed Pin From Net: NetName=5V Pin=JP20-2
Removed Pin From Net: NetName=PE2 Pin=JP20-3
Removed Pin From Net: NetName=PE3 Pin=JP20-4
Removed Pin From Net: NetName=GND Pin=JP20-5
Removed Pin From Net: NetName=PE1 Pin=JP20-6
Removed Pin From Net: NetName=5V_JETSON Pin=L1-1
Removed Pin From Net: NetName=5V Pin=L2-1
Removed Pin From Net: NetName=GND Pin=PS2-1
Removed Pin From Net: NetName=5V Pin=PS2-2
Removed Pin From Net: NetName=PA8 Pin=PS2-3
Removed Pin From Net: NetName=PA11 Pin=PS2-4
Removed Pin From Net: NetName=PA12 Pin=PS2-5
Removed Pin From Net: NetName=PA15 Pin=PS2-6
Removed Pin From Net: NetName=5V_JETSON Pin=R1-2
Removed Pin From Net: NetName=VIN Pin=R2-2
Removed Pin From Net: NetName=GND Pin=R3-1
Removed Pin From Net: NetName=5V Pin=R4-2
Removed Pin From Net: NetName=VIN Pin=R5-2
Removed Pin From Net: NetName=GND Pin=R6-1
Removed Pin From Net: NetName=5V_JETSON Pin=R9-1
Removed Pin From Net: NetName=GND Pin=R12-1
Removed Pin From Net: NetName=VIN Pin=R12-2
Removed Pin From Net: NetName=VIN Pin=SWITCH-1
Removed Pin From Net: NetName=24V Pin=SWITCH-2
Removed Pin From Net: NetName=GND Pin=U1-6
Removed Pin From Net: NetName=GND Pin=U1-9
Removed Pin From Net: NetName=GND Pin=U2-6
Removed Pin From Net: NetName=GND Pin=U2-9
Removed Pin From Net: NetName=5V_JETSON Pin=U4-8
Removed Member From Class: ClassName=Sheet1 Member=C1
Removed Member From Class: ClassName=Sheet1 Member=C2
Removed Member From Class: ClassName=Sheet1 Member=C3
Removed Member From Class: ClassName=Sheet1 Member=C4
Removed Member From Class: ClassName=Sheet1 Member=C5
Removed Member From Class: ClassName=Sheet1 Member=C6
Removed Member From Class: ClassName=Sheet1 Member=C7
Removed Member From Class: ClassName=Sheet1 Member=C8
Removed Member From Class: ClassName=Sheet1 Member=C9
Removed Member From Class: ClassName=Sheet1 Member=C10
Removed Member From Class: ClassName=Sheet1 Member=D1
Removed Member From Class: ClassName=Sheet1 Member=D2
Removed Member From Class: ClassName=Sheet1 Member=JP17
Removed Member From Class: ClassName=Sheet1 Member=JP18
Removed Member From Class: ClassName=Sheet1 Member=JP19
Removed Member From Class: ClassName=Sheet1 Member=JP20
Removed Member From Class: ClassName=Sheet1 Member=L1
Removed Member From Class: ClassName=Sheet1 Member=L2
Removed Member From Class: ClassName=Sheet1 Member=PS2
Removed Member From Class: ClassName=Sheet1 Member=R1
Removed Member From Class: ClassName=Sheet1 Member=R2
Removed Member From Class: ClassName=Sheet1 Member=R3
Removed Member From Class: ClassName=Sheet1 Member=R4
Removed Member From Class: ClassName=Sheet1 Member=R5
Removed Member From Class: ClassName=Sheet1 Member=R6
Removed Member From Class: ClassName=Sheet1 Member=R12
Removed Member From Class: ClassName=Sheet1 Member=SWITCH
Removed Member From Class: ClassName=Sheet2 Member=T1
Removed Member From Class: ClassName=Sheet1 Member=U1
Removed Member From Class: ClassName=Sheet1 Member=U2
Added Pin To Net: NetName=5V Pin=C16-1
Added Pin To Net: NetName=5V Pin=R9-1
Added Pin To Net: NetName=5V Pin=U4-8
Change Net Name : Old Net Name=STM32_AD New Net Name=PA1
Added Member To Class: ClassName=Sheet1 Member=Component T1 HDU
Added Room: Name=Sheet1
Added Room: Name=Sheet2
